<?xml version="1.0" encoding="UTF-8"?>
<!-- Generated by org.testng.reporters.JUnitReportReporter -->
<testsuite hostname="Sora-Man" name="za.ac.PremierSoccerLeague.repositoryTest.PlayerTest" tests="1" failures="0" timestamp="1 Sep 2016 11:12:40 GMT" time="0.125" errors="0">
  <testcase name="testCreate" time="0.125" classname="za.ac.PremierSoccerLeague.repositoryTest.PlayerTest"/>
</testsuite> <!-- za.ac.PremierSoccerLeague.repositoryTest.PlayerTest -->
