<?xml version="1.0" encoding="UTF-8"?>
<!-- Generated by org.testng.reporters.JUnitReportReporter -->
<testsuite hostname="Sora-Man" name="za.ac.PremierSoccerLeague.AppTest" tests="1" failures="0" timestamp="1 Sep 2016 11:12:41 GMT" time="0.003" errors="0">
  <testcase name="testApp" time="0.003" classname="za.ac.PremierSoccerLeague.AppTest"/>
</testsuite> <!-- za.ac.PremierSoccerLeague.AppTest -->
